<?xml version="1.0" encoding="UTF-8"?>
<testsuite name="io.micronaut.jaxrs.runtime.core.WeightedSpec" tests="1" skipped="0" failures="0" errors="0" timestamp="2020-01-28T11:33:24" hostname="Graemes-iMac-Pro.local" time="0.104">
  <properties/>
  <testcase name="test weighted" classname="io.micronaut.jaxrs.runtime.core.WeightedSpec" time="0.104"/>
  <system-out><![CDATA[]]></system-out>
  <system-err><![CDATA[]]></system-err>
</testsuite>
